/rds/general/user/dla24/home/thesis/src/models/optuna_model4.py:29: FutureWarning: DataFrameGroupBy.apply operated on the grouping columns. This behavior is deprecated, and in a future version of pandas the grouping columns will be excluded from the operation. Either pass `include_groups=False` to exclude the groupings or explicitly select the grouping columns after groupby to silence this warning.
  self.df = self.df.groupby("slide_id").apply(
/rds/general/user/dla24/home/thesis/src/models/optuna_model4.py:29: FutureWarning: DataFrameGroupBy.apply operated on the grouping columns. This behavior is deprecated, and in a future version of pandas the grouping columns will be excluded from the operation. Either pass `include_groups=False` to exclude the groupings or explicitly select the grouping columns after groupby to silence this warning.
  self.df = self.df.groupby("slide_id").apply(
[I 2025-07-14 07:56:21,056] A new study created in memory with name: no-name-ddcf849a-5b37-4b23-a0cf-c7a604dcfcaf
/rds/general/user/dla24/home/thesis/src/models/optuna_model4.py:29: FutureWarning: DataFrameGroupBy.apply operated on the grouping columns. This behavior is deprecated, and in a future version of pandas the grouping columns will be excluded from the operation. Either pass `include_groups=False` to exclude the groupings or explicitly select the grouping columns after groupby to silence this warning.
  self.df = self.df.groupby("slide_id").apply(
/rds/general/user/dla24/home/thesis/src/models/optuna_model4.py:29: FutureWarning: DataFrameGroupBy.apply operated on the grouping columns. This behavior is deprecated, and in a future version of pandas the grouping columns will be excluded from the operation. Either pass `include_groups=False` to exclude the groupings or explicitly select the grouping columns after groupby to silence this warning.
  self.df = self.df.groupby("slide_id").apply(
[I 2025-07-14 08:06:52,526] Trial 0 finished with value: 0.6 and parameters: {'lr': 0.000888818363066965, 'weight_decay': 0.00010959250136598786, 'dropout': 0.5731532427332533, 'batch_size': 8, 'max_patches_per_slide': 50, 'area_um': 192}. Best is trial 0 with value: 0.6.
/rds/general/user/dla24/home/thesis/src/models/optuna_model4.py:29: FutureWarning: DataFrameGroupBy.apply operated on the grouping columns. This behavior is deprecated, and in a future version of pandas the grouping columns will be excluded from the operation. Either pass `include_groups=False` to exclude the groupings or explicitly select the grouping columns after groupby to silence this warning.
  self.df = self.df.groupby("slide_id").apply(
/rds/general/user/dla24/home/thesis/src/models/optuna_model4.py:29: FutureWarning: DataFrameGroupBy.apply operated on the grouping columns. This behavior is deprecated, and in a future version of pandas the grouping columns will be excluded from the operation. Either pass `include_groups=False` to exclude the groupings or explicitly select the grouping columns after groupby to silence this warning.
  self.df = self.df.groupby("slide_id").apply(
[I 2025-07-14 08:16:00,456] Trial 1 finished with value: 0.7 and parameters: {'lr': 0.00018587842158752677, 'weight_decay': 1.1261185978384744e-05, 'dropout': 0.47383208432632024, 'batch_size': 8, 'max_patches_per_slide': 50, 'area_um': 224}. Best is trial 1 with value: 0.7.
/rds/general/user/dla24/home/thesis/src/models/optuna_model4.py:29: FutureWarning: DataFrameGroupBy.apply operated on the grouping columns. This behavior is deprecated, and in a future version of pandas the grouping columns will be excluded from the operation. Either pass `include_groups=False` to exclude the groupings or explicitly select the grouping columns after groupby to silence this warning.
  self.df = self.df.groupby("slide_id").apply(
/rds/general/user/dla24/home/thesis/src/models/optuna_model4.py:29: FutureWarning: DataFrameGroupBy.apply operated on the grouping columns. This behavior is deprecated, and in a future version of pandas the grouping columns will be excluded from the operation. Either pass `include_groups=False` to exclude the groupings or explicitly select the grouping columns after groupby to silence this warning.
  self.df = self.df.groupby("slide_id").apply(
[I 2025-07-14 08:34:05,733] Trial 2 finished with value: 0.7 and parameters: {'lr': 3.0206804902115545e-05, 'weight_decay': 3.345650382554631e-05, 'dropout': 0.4505772329274942, 'batch_size': 8, 'max_patches_per_slide': 100, 'area_um': 192}. Best is trial 1 with value: 0.7.
/rds/general/user/dla24/home/thesis/src/models/optuna_model4.py:29: FutureWarning: DataFrameGroupBy.apply operated on the grouping columns. This behavior is deprecated, and in a future version of pandas the grouping columns will be excluded from the operation. Either pass `include_groups=False` to exclude the groupings or explicitly select the grouping columns after groupby to silence this warning.
  self.df = self.df.groupby("slide_id").apply(
/rds/general/user/dla24/home/thesis/src/models/optuna_model4.py:29: FutureWarning: DataFrameGroupBy.apply operated on the grouping columns. This behavior is deprecated, and in a future version of pandas the grouping columns will be excluded from the operation. Either pass `include_groups=False` to exclude the groupings or explicitly select the grouping columns after groupby to silence this warning.
  self.df = self.df.groupby("slide_id").apply(
[I 2025-07-14 08:52:13,574] Trial 3 finished with value: 0.7 and parameters: {'lr': 0.0005711815885240741, 'weight_decay': 6.891375714533306e-06, 'dropout': 0.46514642732992084, 'batch_size': 32, 'max_patches_per_slide': 100, 'area_um': 256}. Best is trial 1 with value: 0.7.
[I 2025-07-14 13:25:13,048] Trial 4 finished with value: 0.7 and parameters: {'lr': 7.446078839100263e-05, 'weight_decay': 0.00021403563394478098, 'dropout': 0.31561165766727783, 'batch_size': 32, 'max_patches_per_slide': None, 'area_um': 128}. Best is trial 1 with value: 0.7.
/rds/general/user/dla24/home/thesis/src/models/optuna_model4.py:29: FutureWarning: DataFrameGroupBy.apply operated on the grouping columns. This behavior is deprecated, and in a future version of pandas the grouping columns will be excluded from the operation. Either pass `include_groups=False` to exclude the groupings or explicitly select the grouping columns after groupby to silence this warning.
  self.df = self.df.groupby("slide_id").apply(
/rds/general/user/dla24/home/thesis/src/models/optuna_model4.py:29: FutureWarning: DataFrameGroupBy.apply operated on the grouping columns. This behavior is deprecated, and in a future version of pandas the grouping columns will be excluded from the operation. Either pass `include_groups=False` to exclude the groupings or explicitly select the grouping columns after groupby to silence this warning.
  self.df = self.df.groupby("slide_id").apply(
[I 2025-07-14 14:01:02,920] Trial 5 finished with value: 0.7 and parameters: {'lr': 0.00016366557702563554, 'weight_decay': 3.9695987720776e-06, 'dropout': 0.42689414428037475, 'batch_size': 8, 'max_patches_per_slide': 200, 'area_um': 192}. Best is trial 1 with value: 0.7.
