/rds/general/user/dla24/home/thesis/src/models/optuna_model4.py:29: FutureWarning: DataFrameGroupBy.apply operated on the grouping columns. This behavior is deprecated, and in a future version of pandas the grouping columns will be excluded from the operation. Either pass `include_groups=False` to exclude the groupings or explicitly select the grouping columns after groupby to silence this warning.
  self.df = self.df.groupby("slide_id").apply(
/rds/general/user/dla24/home/thesis/src/models/optuna_model4.py:29: FutureWarning: DataFrameGroupBy.apply operated on the grouping columns. This behavior is deprecated, and in a future version of pandas the grouping columns will be excluded from the operation. Either pass `include_groups=False` to exclude the groupings or explicitly select the grouping columns after groupby to silence this warning.
  self.df = self.df.groupby("slide_id").apply(
[I 2025-07-14 07:56:21,056] A new study created in memory with name: no-name-ddcf849a-5b37-4b23-a0cf-c7a604dcfcaf
/rds/general/user/dla24/home/thesis/src/models/optuna_model4.py:29: FutureWarning: DataFrameGroupBy.apply operated on the grouping columns. This behavior is deprecated, and in a future version of pandas the grouping columns will be excluded from the operation. Either pass `include_groups=False` to exclude the groupings or explicitly select the grouping columns after groupby to silence this warning.
  self.df = self.df.groupby("slide_id").apply(
/rds/general/user/dla24/home/thesis/src/models/optuna_model4.py:29: FutureWarning: DataFrameGroupBy.apply operated on the grouping columns. This behavior is deprecated, and in a future version of pandas the grouping columns will be excluded from the operation. Either pass `include_groups=False` to exclude the groupings or explicitly select the grouping columns after groupby to silence this warning.
  self.df = self.df.groupby("slide_id").apply(
[I 2025-07-14 08:06:52,526] Trial 0 finished with value: 0.6 and parameters: {'lr': 0.000888818363066965, 'weight_decay': 0.00010959250136598786, 'dropout': 0.5731532427332533, 'batch_size': 8, 'max_patches_per_slide': 50, 'area_um': 192}. Best is trial 0 with value: 0.6.
/rds/general/user/dla24/home/thesis/src/models/optuna_model4.py:29: FutureWarning: DataFrameGroupBy.apply operated on the grouping columns. This behavior is deprecated, and in a future version of pandas the grouping columns will be excluded from the operation. Either pass `include_groups=False` to exclude the groupings or explicitly select the grouping columns after groupby to silence this warning.
  self.df = self.df.groupby("slide_id").apply(
/rds/general/user/dla24/home/thesis/src/models/optuna_model4.py:29: FutureWarning: DataFrameGroupBy.apply operated on the grouping columns. This behavior is deprecated, and in a future version of pandas the grouping columns will be excluded from the operation. Either pass `include_groups=False` to exclude the groupings or explicitly select the grouping columns after groupby to silence this warning.
  self.df = self.df.groupby("slide_id").apply(
[I 2025-07-14 08:16:00,456] Trial 1 finished with value: 0.7 and parameters: {'lr': 0.00018587842158752677, 'weight_decay': 1.1261185978384744e-05, 'dropout': 0.47383208432632024, 'batch_size': 8, 'max_patches_per_slide': 50, 'area_um': 224}. Best is trial 1 with value: 0.7.
/rds/general/user/dla24/home/thesis/src/models/optuna_model4.py:29: FutureWarning: DataFrameGroupBy.apply operated on the grouping columns. This behavior is deprecated, and in a future version of pandas the grouping columns will be excluded from the operation. Either pass `include_groups=False` to exclude the groupings or explicitly select the grouping columns after groupby to silence this warning.
  self.df = self.df.groupby("slide_id").apply(
/rds/general/user/dla24/home/thesis/src/models/optuna_model4.py:29: FutureWarning: DataFrameGroupBy.apply operated on the grouping columns. This behavior is deprecated, and in a future version of pandas the grouping columns will be excluded from the operation. Either pass `include_groups=False` to exclude the groupings or explicitly select the grouping columns after groupby to silence this warning.
  self.df = self.df.groupby("slide_id").apply(
[I 2025-07-14 08:34:05,733] Trial 2 finished with value: 0.7 and parameters: {'lr': 3.0206804902115545e-05, 'weight_decay': 3.345650382554631e-05, 'dropout': 0.4505772329274942, 'batch_size': 8, 'max_patches_per_slide': 100, 'area_um': 192}. Best is trial 1 with value: 0.7.
/rds/general/user/dla24/home/thesis/src/models/optuna_model4.py:29: FutureWarning: DataFrameGroupBy.apply operated on the grouping columns. This behavior is deprecated, and in a future version of pandas the grouping columns will be excluded from the operation. Either pass `include_groups=False` to exclude the groupings or explicitly select the grouping columns after groupby to silence this warning.
  self.df = self.df.groupby("slide_id").apply(
/rds/general/user/dla24/home/thesis/src/models/optuna_model4.py:29: FutureWarning: DataFrameGroupBy.apply operated on the grouping columns. This behavior is deprecated, and in a future version of pandas the grouping columns will be excluded from the operation. Either pass `include_groups=False` to exclude the groupings or explicitly select the grouping columns after groupby to silence this warning.
  self.df = self.df.groupby("slide_id").apply(
[I 2025-07-14 08:52:13,574] Trial 3 finished with value: 0.7 and parameters: {'lr': 0.0005711815885240741, 'weight_decay': 6.891375714533306e-06, 'dropout': 0.46514642732992084, 'batch_size': 32, 'max_patches_per_slide': 100, 'area_um': 256}. Best is trial 1 with value: 0.7.
[I 2025-07-14 13:25:13,048] Trial 4 finished with value: 0.7 and parameters: {'lr': 7.446078839100263e-05, 'weight_decay': 0.00021403563394478098, 'dropout': 0.31561165766727783, 'batch_size': 32, 'max_patches_per_slide': None, 'area_um': 128}. Best is trial 1 with value: 0.7.
/rds/general/user/dla24/home/thesis/src/models/optuna_model4.py:29: FutureWarning: DataFrameGroupBy.apply operated on the grouping columns. This behavior is deprecated, and in a future version of pandas the grouping columns will be excluded from the operation. Either pass `include_groups=False` to exclude the groupings or explicitly select the grouping columns after groupby to silence this warning.
  self.df = self.df.groupby("slide_id").apply(
/rds/general/user/dla24/home/thesis/src/models/optuna_model4.py:29: FutureWarning: DataFrameGroupBy.apply operated on the grouping columns. This behavior is deprecated, and in a future version of pandas the grouping columns will be excluded from the operation. Either pass `include_groups=False` to exclude the groupings or explicitly select the grouping columns after groupby to silence this warning.
  self.df = self.df.groupby("slide_id").apply(
[I 2025-07-14 14:01:02,920] Trial 5 finished with value: 0.7 and parameters: {'lr': 0.00016366557702563554, 'weight_decay': 3.9695987720776e-06, 'dropout': 0.42689414428037475, 'batch_size': 8, 'max_patches_per_slide': 200, 'area_um': 192}. Best is trial 1 with value: 0.7.
/rds/general/user/dla24/home/thesis/src/models/optuna_model4.py:29: FutureWarning: DataFrameGroupBy.apply operated on the grouping columns. This behavior is deprecated, and in a future version of pandas the grouping columns will be excluded from the operation. Either pass `include_groups=False` to exclude the groupings or explicitly select the grouping columns after groupby to silence this warning.
  self.df = self.df.groupby("slide_id").apply(
/rds/general/user/dla24/home/thesis/src/models/optuna_model4.py:29: FutureWarning: DataFrameGroupBy.apply operated on the grouping columns. This behavior is deprecated, and in a future version of pandas the grouping columns will be excluded from the operation. Either pass `include_groups=False` to exclude the groupings or explicitly select the grouping columns after groupby to silence this warning.
  self.df = self.df.groupby("slide_id").apply(
[I 2025-07-17 00:37:33,482] A new study created in memory with name: no-name-7c4ff1bf-6162-43dd-9fa3-8392447f4ee1
/rds/general/user/dla24/home/thesis/src/models/optuna_model4.py:29: FutureWarning: DataFrameGroupBy.apply operated on the grouping columns. This behavior is deprecated, and in a future version of pandas the grouping columns will be excluded from the operation. Either pass `include_groups=False` to exclude the groupings or explicitly select the grouping columns after groupby to silence this warning.
  self.df = self.df.groupby("slide_id").apply(
/rds/general/user/dla24/home/thesis/src/models/optuna_model4.py:29: FutureWarning: DataFrameGroupBy.apply operated on the grouping columns. This behavior is deprecated, and in a future version of pandas the grouping columns will be excluded from the operation. Either pass `include_groups=False` to exclude the groupings or explicitly select the grouping columns after groupby to silence this warning.
  self.df = self.df.groupby("slide_id").apply(
[I 2025-07-17 00:56:14,273] Trial 0 finished with value: 0.7 and parameters: {'lr': 0.00012109637515766822, 'weight_decay': 4.5236593448692143e-07, 'dropout': 0.3116165088305147, 'batch_size': 8, 'max_patches_per_slide': 100, 'area_um': 384}. Best is trial 0 with value: 0.7.
[I 2025-07-17 05:20:17,263] Trial 1 finished with value: 0.65 and parameters: {'lr': 0.0003576619478319241, 'weight_decay': 0.00015557376723425244, 'dropout': 0.36148725031053797, 'batch_size': 16, 'max_patches_per_slide': None, 'area_um': 128}. Best is trial 0 with value: 0.7.
/rds/general/user/dla24/home/thesis/src/models/optuna_model4.py:29: FutureWarning: DataFrameGroupBy.apply operated on the grouping columns. This behavior is deprecated, and in a future version of pandas the grouping columns will be excluded from the operation. Either pass `include_groups=False` to exclude the groupings or explicitly select the grouping columns after groupby to silence this warning.
  self.df = self.df.groupby("slide_id").apply(
/rds/general/user/dla24/home/thesis/src/models/optuna_model4.py:29: FutureWarning: DataFrameGroupBy.apply operated on the grouping columns. This behavior is deprecated, and in a future version of pandas the grouping columns will be excluded from the operation. Either pass `include_groups=False` to exclude the groupings or explicitly select the grouping columns after groupby to silence this warning.
  self.df = self.df.groupby("slide_id").apply(
[I 2025-07-17 05:56:47,894] Trial 2 finished with value: 0.65 and parameters: {'lr': 0.00047438950113034444, 'weight_decay': 8.606393034639599e-07, 'dropout': 0.2787114391365728, 'batch_size': 32, 'max_patches_per_slide': 200, 'area_um': 128}. Best is trial 0 with value: 0.7.
[I 2025-07-17 10:23:10,593] Trial 3 finished with value: 0.7 and parameters: {'lr': 1.2048835796910037e-05, 'weight_decay': 4.583924203989936e-07, 'dropout': 0.2184124006073319, 'batch_size': 8, 'max_patches_per_slide': None, 'area_um': 128}. Best is trial 0 with value: 0.7.
/rds/general/user/dla24/home/thesis/src/models/optuna_model4.py:29: FutureWarning: DataFrameGroupBy.apply operated on the grouping columns. This behavior is deprecated, and in a future version of pandas the grouping columns will be excluded from the operation. Either pass `include_groups=False` to exclude the groupings or explicitly select the grouping columns after groupby to silence this warning.
  self.df = self.df.groupby("slide_id").apply(
/rds/general/user/dla24/home/thesis/src/models/optuna_model4.py:29: FutureWarning: DataFrameGroupBy.apply operated on the grouping columns. This behavior is deprecated, and in a future version of pandas the grouping columns will be excluded from the operation. Either pass `include_groups=False` to exclude the groupings or explicitly select the grouping columns after groupby to silence this warning.
  self.df = self.df.groupby("slide_id").apply(
[I 2025-07-17 10:42:58,447] Trial 4 finished with value: 0.7 and parameters: {'lr': 3.8353905719393857e-05, 'weight_decay': 1.7138536728655572e-06, 'dropout': 0.4612552065916122, 'batch_size': 32, 'max_patches_per_slide': 100, 'area_um': 128}. Best is trial 0 with value: 0.7.
/rds/general/user/dla24/home/thesis/src/models/optuna_model4.py:29: FutureWarning: DataFrameGroupBy.apply operated on the grouping columns. This behavior is deprecated, and in a future version of pandas the grouping columns will be excluded from the operation. Either pass `include_groups=False` to exclude the groupings or explicitly select the grouping columns after groupby to silence this warning.
  self.df = self.df.groupby("slide_id").apply(
/rds/general/user/dla24/home/thesis/src/models/optuna_model4.py:29: FutureWarning: DataFrameGroupBy.apply operated on the grouping columns. This behavior is deprecated, and in a future version of pandas the grouping columns will be excluded from the operation. Either pass `include_groups=False` to exclude the groupings or explicitly select the grouping columns after groupby to silence this warning.
  self.df = self.df.groupby("slide_id").apply(
[I 2025-07-17 11:03:11,178] Trial 5 finished with value: 0.7 and parameters: {'lr': 0.00018355134955237734, 'weight_decay': 7.555259534560132e-05, 'dropout': 0.3366992988101113, 'batch_size': 32, 'max_patches_per_slide': 100, 'area_um': 192}. Best is trial 0 with value: 0.7.
/rds/general/user/dla24/home/thesis/src/models/optuna_model4.py:29: FutureWarning: DataFrameGroupBy.apply operated on the grouping columns. This behavior is deprecated, and in a future version of pandas the grouping columns will be excluded from the operation. Either pass `include_groups=False` to exclude the groupings or explicitly select the grouping columns after groupby to silence this warning.
  self.df = self.df.groupby("slide_id").apply(
/rds/general/user/dla24/home/thesis/src/models/optuna_model4.py:29: FutureWarning: DataFrameGroupBy.apply operated on the grouping columns. This behavior is deprecated, and in a future version of pandas the grouping columns will be excluded from the operation. Either pass `include_groups=False` to exclude the groupings or explicitly select the grouping columns after groupby to silence this warning.
  self.df = self.df.groupby("slide_id").apply(
[I 2025-07-17 11:21:06,249] Trial 6 finished with value: 0.75 and parameters: {'lr': 2.4844087551934078e-05, 'weight_decay': 0.00011136085331748044, 'dropout': 0.559411071280514, 'batch_size': 16, 'max_patches_per_slide': 100, 'area_um': 192}. Best is trial 6 with value: 0.75.
/rds/general/user/dla24/home/thesis/src/models/optuna_model4.py:29: FutureWarning: DataFrameGroupBy.apply operated on the grouping columns. This behavior is deprecated, and in a future version of pandas the grouping columns will be excluded from the operation. Either pass `include_groups=False` to exclude the groupings or explicitly select the grouping columns after groupby to silence this warning.
  self.df = self.df.groupby("slide_id").apply(
/rds/general/user/dla24/home/thesis/src/models/optuna_model4.py:29: FutureWarning: DataFrameGroupBy.apply operated on the grouping columns. This behavior is deprecated, and in a future version of pandas the grouping columns will be excluded from the operation. Either pass `include_groups=False` to exclude the groupings or explicitly select the grouping columns after groupby to silence this warning.
  self.df = self.df.groupby("slide_id").apply(
[I 2025-07-17 11:40:42,944] Trial 7 finished with value: 0.75 and parameters: {'lr': 0.0008347919080109504, 'weight_decay': 1.7802257665085245e-05, 'dropout': 0.5839067352353318, 'batch_size': 8, 'max_patches_per_slide': 100, 'area_um': 128}. Best is trial 6 with value: 0.75.
/rds/general/user/dla24/home/thesis/src/models/optuna_model4.py:29: FutureWarning: DataFrameGroupBy.apply operated on the grouping columns. This behavior is deprecated, and in a future version of pandas the grouping columns will be excluded from the operation. Either pass `include_groups=False` to exclude the groupings or explicitly select the grouping columns after groupby to silence this warning.
  self.df = self.df.groupby("slide_id").apply(
/rds/general/user/dla24/home/thesis/src/models/optuna_model4.py:29: FutureWarning: DataFrameGroupBy.apply operated on the grouping columns. This behavior is deprecated, and in a future version of pandas the grouping columns will be excluded from the operation. Either pass `include_groups=False` to exclude the groupings or explicitly select the grouping columns after groupby to silence this warning.
  self.df = self.df.groupby("slide_id").apply(
[I 2025-07-17 11:50:33,029] Trial 8 finished with value: 0.7 and parameters: {'lr': 0.000244377750302057, 'weight_decay': 0.00025395794640764775, 'dropout': 0.2354519162071374, 'batch_size': 32, 'max_patches_per_slide': 50, 'area_um': 384}. Best is trial 6 with value: 0.75.
/rds/general/user/dla24/home/thesis/src/models/optuna_model4.py:29: FutureWarning: DataFrameGroupBy.apply operated on the grouping columns. This behavior is deprecated, and in a future version of pandas the grouping columns will be excluded from the operation. Either pass `include_groups=False` to exclude the groupings or explicitly select the grouping columns after groupby to silence this warning.
  self.df = self.df.groupby("slide_id").apply(
/rds/general/user/dla24/home/thesis/src/models/optuna_model4.py:29: FutureWarning: DataFrameGroupBy.apply operated on the grouping columns. This behavior is deprecated, and in a future version of pandas the grouping columns will be excluded from the operation. Either pass `include_groups=False` to exclude the groupings or explicitly select the grouping columns after groupby to silence this warning.
  self.df = self.df.groupby("slide_id").apply(
[I 2025-07-17 12:00:10,006] Trial 9 finished with value: 0.7 and parameters: {'lr': 0.000192240329134844, 'weight_decay': 3.315307778047049e-05, 'dropout': 0.47407739369685076, 'batch_size': 32, 'max_patches_per_slide': 50, 'area_um': 224}. Best is trial 6 with value: 0.75.
